<?xml version="1.0" encoding="UTF-8"?>
<!-- Generated by org.testng.reporters.JUnitXMLReporter -->
<testsuite ignored="0" hostname="DESKTOP-460CLSS" failures="0" tests="1" name="Test-Tech" time="5.946" errors="0" timestamp="2024-10-26T13:42:44 CDT">
  <testcase classname="UmaTest.NewTest" name="OpenURL" time="5.877"/>
</testsuite> <!-- Test-Tech -->
