<?xml version="1.0" encoding="UTF-8"?>
<!-- Generated by org.testng.reporters.JUnitReportReporter -->
<testsuite hostname="DESKTOP-460CLSS" failures="0" tests="5" name="UmaTest.NewTest" time="13.056" errors="0" timestamp="2024-10-26T16:00:15 CDT" skipped="0">
  <testcase classname="UmaTest.NewTest" name="OpenURL" time="4.260"/>
  <system-out/>
  <testcase classname="UmaTest.NewTest" name="Test1" time="0.168"/>
  <system-out/>
  <testcase classname="UmaTest.NewTest" name="Test2" time="1.447"/>
  <system-out/>
  <testcase classname="UmaTest.NewTest" name="Test3" time="5.705"/>
  <system-out/>
  <testcase classname="UmaTest.NewTest" name="Test4" time="1.476"/>
  <system-out/>
</testsuite> <!-- UmaTest.NewTest -->
